<?xml version="1.0" encoding="UTF-8"?>
<!-- Generated by org.testng.reporters.JUnitXMLReporter -->
<testsuite ignored="0" hostname="UTISLAPTOP55" failures="0" tests="5" name="Default test" time="193.014" errors="0" timestamp="2021-11-17T16:11:52 IST">
  <testcase classname="Testcases.Cart_testing" name="testcase1" time="121.357"/>
  <testcase classname="Testcases.Cart_testing" name="testcase2" time="23.827"/>
  <testcase classname="Testcases.Cart_testing" name="testcase3" time="0.002"/>
  <testcase classname="Testcases.Cart_testing" name="testcase4" time="0.002"/>
  <testcase classname="Testcases.Cart_testing" name="testcase5" time="0.003"/>
</testsuite> <!-- Default test -->
