<?xml version="1.0" encoding="UTF-8"?>
<!-- Generated by org.testng.reporters.JUnitXMLReporter -->
<testsuite ignored="0" hostname="UTISLAPTOP55" failures="0" tests="4" name="Default test" time="143.155" errors="0" timestamp="2021-06-07T13:43:49 IST">
  <testcase classname="Testcases.Login_TNG" name="cartPage" time="39.897"/>
  <testcase classname="Testcases.Login_TNG" name="cartPage" time="43.647"/>
  <testcase classname="Testcases.Login_TNG" name="loginPage" time="32.594"/>
  <testcase classname="Testcases.Login_TNG" name="loginPage" time="26.919"/>
</testsuite> <!-- Default test -->
