<?xml version="1.0" encoding="UTF-8"?>
<testng-results ignored="0" total="5" passed="5" failed="0" skipped="0">
  <reporter-output>
  </reporter-output>
  <suite started-at="2021-11-17T16:08:39 IST" name="Default suite" finished-at="2021-11-17T16:11:52 IST" duration-ms="193014">
    <groups>
    </groups>
    <test started-at="2021-11-17T16:08:39 IST" name="Default test" finished-at="2021-11-17T16:11:52 IST" duration-ms="193014">
      <class name="Testcases.Cart_testing">
        <test-method is-config="true" signature="beforeTesting()[pri:0, instance:Testcases.Cart_testing@47a86fbb]" started-at="2021-11-17T16:08:39 IST" name="beforeTesting" finished-at="2021-11-17T16:09:26 IST" duration-ms="47739" status="PASS">
          <reporter-output>
          </reporter-output>
        </test-method> <!-- beforeTesting -->
        <test-method signature="testcase1()[pri:0, instance:Testcases.Cart_testing@47a86fbb]" started-at="2021-11-17T16:09:26 IST" name="testcase1" finished-at="2021-11-17T16:11:28 IST" duration-ms="121357" status="PASS">
          <reporter-output>
          </reporter-output>
        </test-method> <!-- testcase1 -->
        <test-method signature="testcase2()[pri:0, instance:Testcases.Cart_testing@47a86fbb]" started-at="2021-11-17T16:11:28 IST" name="testcase2" finished-at="2021-11-17T16:11:52 IST" duration-ms="23827" status="PASS">
          <reporter-output>
          </reporter-output>
        </test-method> <!-- testcase2 -->
        <test-method signature="testcase3()[pri:0, instance:Testcases.Cart_testing@47a86fbb]" started-at="2021-11-17T16:11:52 IST" name="testcase3" finished-at="2021-11-17T16:11:52 IST" duration-ms="2" status="PASS">
          <reporter-output>
          </reporter-output>
        </test-method> <!-- testcase3 -->
        <test-method signature="testcase4()[pri:0, instance:Testcases.Cart_testing@47a86fbb]" started-at="2021-11-17T16:11:52 IST" name="testcase4" finished-at="2021-11-17T16:11:52 IST" duration-ms="2" status="PASS">
          <reporter-output>
          </reporter-output>
        </test-method> <!-- testcase4 -->
        <test-method signature="testcase5()[pri:0, instance:Testcases.Cart_testing@47a86fbb]" started-at="2021-11-17T16:11:52 IST" name="testcase5" finished-at="2021-11-17T16:11:52 IST" duration-ms="3" status="PASS">
          <reporter-output>
          </reporter-output>
        </test-method> <!-- testcase5 -->
      </class> <!-- Testcases.Cart_testing -->
    </test> <!-- Default test -->
  </suite> <!-- Default suite -->
</testng-results>
